[2022-06-17 12:22:01,732] {taskinstance.py:1159} INFO - Dependencies all met for <TaskInstance: coffee_lake_scrapers-v1.inquirer_feed manual__2022-06-17T12:21:57.958646+00:00 [queued]>
[2022-06-17 12:22:01,741] {taskinstance.py:1159} INFO - Dependencies all met for <TaskInstance: coffee_lake_scrapers-v1.inquirer_feed manual__2022-06-17T12:21:57.958646+00:00 [queued]>
[2022-06-17 12:22:01,741] {taskinstance.py:1356} INFO - 
--------------------------------------------------------------------------------
[2022-06-17 12:22:01,741] {taskinstance.py:1357} INFO - Starting attempt 1 of 1
[2022-06-17 12:22:01,742] {taskinstance.py:1358} INFO - 
--------------------------------------------------------------------------------
[2022-06-17 12:22:01,753] {taskinstance.py:1377} INFO - Executing <Task(_PythonDecoratedOperator): inquirer_feed> on 2022-06-17 12:21:57.958646+00:00
[2022-06-17 12:22:01,757] {standard_task_runner.py:52} INFO - Started process 4397 to run task
[2022-06-17 12:22:01,759] {standard_task_runner.py:79} INFO - Running: ['***', 'tasks', 'run', 'coffee_lake_scrapers-v1', 'inquirer_feed', 'manual__2022-06-17T12:21:57.958646+00:00', '--job-id', '25', '--raw', '--subdir', 'DAGS_FOLDER/scraper_dag.py', '--cfg-path', '/tmp/tmpf65uojy5', '--error-file', '/tmp/tmpdvys4xcw']
[2022-06-17 12:22:01,760] {standard_task_runner.py:80} INFO - Job 25: Subtask inquirer_feed
[2022-06-17 12:22:01,798] {task_command.py:370} INFO - Running <TaskInstance: coffee_lake_scrapers-v1.inquirer_feed manual__2022-06-17T12:21:57.958646+00:00 [running]> on host f0a3c4865e95
[2022-06-17 12:22:01,851] {taskinstance.py:1571} INFO - Exporting the following env vars:
AIRFLOW_CTX_DAG_OWNER=***
AIRFLOW_CTX_DAG_ID=coffee_lake_scrapers-v1
AIRFLOW_CTX_TASK_ID=inquirer_feed
AIRFLOW_CTX_EXECUTION_DATE=2022-06-17T12:21:57.958646+00:00
AIRFLOW_CTX_TRY_NUMBER=1
AIRFLOW_CTX_DAG_RUN_ID=manual__2022-06-17T12:21:57.958646+00:00
[2022-06-17 12:22:02,362] {taskinstance.py:1889} ERROR - Task failed with exception
Traceback (most recent call last):
  File "/home/airflow/.local/lib/python3.7/site-packages/airflow/decorators/base.py", line 179, in execute
    return_value = super().execute(context)
  File "/home/airflow/.local/lib/python3.7/site-packages/airflow/operators/python.py", line 171, in execute
    return_value = self.execute_callable()
  File "/home/airflow/.local/lib/python3.7/site-packages/airflow/operators/python.py", line 189, in execute_callable
    return self.python_callable(*self.op_args, **self.op_kwargs)
  File "/opt/airflow/dags/scraper_dag.py", line 51, in inquirer_feed
    upload_formatted_rss_feed("https://www.inquirer.net/fullfeed", "inquirer")
  File "/opt/airflow/dags/scraper_dag.py", line 30, in upload_formatted_rss_feed
    df.to_csv(f"{MY_FOLDER_PREFIX}/{filename}")
  File "/home/airflow/.local/lib/python3.7/site-packages/pandas/core/generic.py", line 3482, in to_csv
    storage_options=storage_options,
  File "/home/airflow/.local/lib/python3.7/site-packages/pandas/io/formats/format.py", line 1105, in to_csv
    csv_formatter.save()
  File "/home/airflow/.local/lib/python3.7/site-packages/pandas/io/formats/csvs.py", line 243, in save
    storage_options=self.storage_options,
  File "/home/airflow/.local/lib/python3.7/site-packages/pandas/io/common.py", line 707, in get_handle
    newline="",
FileNotFoundError: [Errno 2] No such file or directory: 'DATA//inquirer_2022-06-17_12-22-02.csv'
[2022-06-17 12:22:02,405] {taskinstance.py:1400} INFO - Marking task as FAILED. dag_id=coffee_lake_scrapers-v1, task_id=inquirer_feed, execution_date=20220617T122157, start_date=20220617T122201, end_date=20220617T122202
[2022-06-17 12:22:02,432] {standard_task_runner.py:97} ERROR - Failed to execute job 25 for task inquirer_feed ([Errno 2] No such file or directory: 'DATA//inquirer_2022-06-17_12-22-02.csv'; 4397)
[2022-06-17 12:22:02,455] {local_task_job.py:156} INFO - Task exited with return code 1
[2022-06-17 12:22:02,498] {local_task_job.py:273} INFO - 0 downstream tasks scheduled from follow-on schedule check
